SELECT  a.id,
        UNNEST(CASE WHEN j.valid_at IS NULL THEN multirange(a.valid_at)
                    ELSE multirange(a.valid_at) - j.valid_at END) AS valid_at
FROM    a
LEFT JOIN (
  SELECT  b.id, range_agg(b.valid_at) AS valid_at
  FROM    b
  GROUP BY b.id
) AS j
ON a.id = j.id AND a.valid_at && j.valid_at
WHERE   NOT isempty(a.valid_at);
 id | valid_at 
----+----------
  1 | [1,5)
  1 | [10,15)
  2 | [1,20)
  4 | [1,20)
  6 | [1,5)
  6 | [12,20)
  7 | [5,20)
(7 rows)

-- Test with our function:
SELECT	(t.a).*, valid_at
FROM		temporal_antijoin('a', 'id', 'valid_at', 'b', 'id', 'valid_at') AS t(a a, valid_at int4range);
 id | valid_at | valid_at 
----+----------+----------
  1 | [1,20)   | [1,5)
  1 | [1,20)   | [10,15)
  2 | [1,20)   | [1,20)
  4 | [1,20)   | [1,20)
  6 | [1,20)   | [1,5)
  6 | [1,20)   | [12,20)
  7 | [5,20)   | [5,20)
(7 rows)

-- Test with our text[] function:
SELECT	(t.a).*, valid_at
FROM		temporal_antijoin('a', array['id'], 'valid_at', 'b', array['id'], 'valid_at') AS t(a a, valid_at int4range);
 id | valid_at | valid_at 
----+----------+----------
  1 | [1,20)   | [1,5)
  1 | [1,20)   | [10,15)
  2 | [1,20)   | [1,20)
  4 | [1,20)   | [1,20)
  6 | [1,20)   | [1,5)
  6 | [1,20)   | [12,20)
  7 | [5,20)   | [5,20)
(7 rows)

-- Qual is pushed down:
INSERT INTO a SELECT 10, int4range(i, i+1) FROM generate_series(1,1000) s(i);
CREATE INDEX idx_a_id ON a (id);
CREATE INDEX idx_b_id ON b (id);
ANALYZE a, b;
EXPLAIN SELECT (t.a).*, valid_at
FROM		temporal_antijoin('a', 'id', 'valid_at', 'b', 'id', 'valid_at') AS t(a a, valid_at int4range)
WHERE   (t.a).id = 1;
                                     QUERY PLAN                                      
-------------------------------------------------------------------------------------
 Subquery Scan on t  (cost=0.15..9.84 rows=100 width=68)
   ->  ProjectSet  (cost=0.15..9.84 rows=100 width=73)
         ->  Nested Loop Left Join  (cost=0.15..9.32 rows=1 width=86)
               Join Filter: (a.valid_at && (range_agg(b.valid_at)))
               ->  Index Scan using idx_a_id on a  (cost=0.15..8.17 rows=1 width=58)
                     Index Cond: (id = 1)
                     Filter: (NOT isempty(valid_at))
               ->  GroupAggregate  (cost=0.00..1.13 rows=1 width=36)
                     ->  Seq Scan on b  (cost=0.00..1.11 rows=2 width=17)
                           Filter: (id = 1)
(10 rows)

DROP INDEX idx_a_id;
DROP INDEX idx_b_id;
DELETE FROM a WHERE id = 10;
-- Without the support function:
CREATE OR REPLACE FUNCTION temporal_antijoin_support(INTERNAL)
RETURNS INTERNAL
AS 'temporal_ops', 'noop_support'
LANGUAGE C;
SELECT	(t.a).*, valid_at
FROM		temporal_antijoin('a', 'id', 'valid_at', 'b', 'id', 'valid_at') AS t(a a, valid_at int4range);
NOTICE:  noop_support
 id | valid_at | valid_at 
----+----------+----------
  1 | [1,20)   | [1,5)
  1 | [1,20)   | [10,15)
  2 | [1,20)   | [1,20)
  4 | [1,20)   | [1,20)
  6 | [1,20)   | [1,5)
  6 | [1,20)   | [12,20)
  7 | [5,20)   | [5,20)
(7 rows)

